2019-07-16 11:50:35,476 [Worker-0] INFO  o.e.b.c.i.u.g.PublishedGradleVersions - Gradle version information cache is up-to-date. Trying to read.
2019-07-16 12:19:08,974 [Worker-0] INFO  o.e.m.c.i.l.LifecycleMappingFactory - Using org.eclipse.m2e.jdt.JarLifecycleMapping lifecycle mapping for MavenProject: UPMWeb:UPMWeb:00 @ C:\GitHub - Copy\PensionsUPMFramework\pom.xml.
2019-07-16 12:19:09,139 [Worker-0] WARN  o.e.m.c.i.embedder.EclipseLogger - The POM for org.testng:testng:jar:5.14.3 is invalid, transitive dependencies (if any) will not be available, enable debug logging for more details
2019-07-16 12:19:09,143 [Worker-0] WARN  o.e.m.c.i.embedder.EclipseLogger - The POM for org.testng:testng:jar:5.14.4 is invalid, transitive dependencies (if any) will not be available, enable debug logging for more details
2019-07-16 12:19:09,147 [Worker-0] WARN  o.e.m.c.i.embedder.EclipseLogger - The POM for org.testng:testng:jar:5.14.5 is invalid, transitive dependencies (if any) will not be available, enable debug logging for more details
2019-07-16 12:19:09,416 [Worker-0] WARN  o.e.m.c.i.embedder.EclipseLogger - The POM for com.beust:jcommander:jar:1.66 is missing, no dependency information available
2019-07-16 12:19:10,744 [Worker-0] INFO  o.e.m.j.i.AbstractJavaProjectConfigurator - Adding source folder /UPMWeb/src/main/java
2019-07-16 12:19:10,745 [Worker-0] INFO  o.e.m.j.i.AbstractJavaProjectConfigurator - Adding resource folder /UPMWeb/src/main/resources
2019-07-16 12:19:10,745 [Worker-0] INFO  o.e.m.j.i.AbstractJavaProjectConfigurator - Adding source folder /UPMWeb/src/test/java
2019-07-16 12:19:10,966 [Worker-0] INFO  o.e.m.c.i.p.ProjectConfigurationManager - Imported and configured 1 project(s) in 3 sec
2019-07-16 12:19:11,473 [Worker-21] INFO  o.e.b.c.i.u.g.PublishedGradleVersions - Gradle version information cache is up-to-date. Trying to read.
2019-07-16 12:19:13,613 [Worker-13] WARN  o.e.m.c.i.embedder.EclipseLogger - The POM for org.testng:testng:jar:5.14.3 is invalid, transitive dependencies (if any) will not be available, enable debug logging for more details
2019-07-16 12:19:13,616 [Worker-13] WARN  o.e.m.c.i.embedder.EclipseLogger - The POM for org.testng:testng:jar:5.14.4 is invalid, transitive dependencies (if any) will not be available, enable debug logging for more details
2019-07-16 12:19:13,619 [Worker-13] WARN  o.e.m.c.i.embedder.EclipseLogger - The POM for org.testng:testng:jar:5.14.5 is invalid, transitive dependencies (if any) will not be available, enable debug logging for more details
2019-07-16 12:19:13,801 [Worker-13] WARN  o.e.m.c.i.embedder.EclipseLogger - The POM for com.beust:jcommander:jar:1.66 is missing, no dependency information available
2019-07-16 12:19:14,388 [Worker-13] INFO  o.e.m.c.i.embedder.EclipseLogger - Using 'UTF-8' encoding to copy filtered resources.
2019-07-16 12:19:14,393 [Worker-13] INFO  o.e.m.c.i.embedder.EclipseLogger - Copying 20 resources
2019-07-16 12:19:14,539 [Worker-13] INFO  o.e.m.c.i.embedder.EclipseLogger - Using 'UTF-8' encoding to copy filtered resources.
2019-07-16 12:19:14,539 [Worker-13] INFO  o.e.m.c.i.embedder.EclipseLogger - skip non existing resourceDirectory C:\GitHub - Copy\PensionsUPMFramework\src\test\resources
2019-07-16 12:19:55,895 [Worker-21] INFO  o.e.m.c.i.l.LifecycleMappingFactory - Using org.eclipse.m2e.jdt.JarLifecycleMapping lifecycle mapping for MavenProject: FinancialLive-Web:FinancialLive-Web:00.01 @ C:\GitHub - Copy\FinancialWeb\qa_automation\FinancialWeb\pom.xml.
2019-07-16 12:19:55,981 [Worker-21] WARN  o.e.m.c.i.embedder.EclipseLogger - The POM for org.testng:testng:jar:5.14.3 is invalid, transitive dependencies (if any) will not be available, enable debug logging for more details
2019-07-16 12:19:55,983 [Worker-21] WARN  o.e.m.c.i.embedder.EclipseLogger - The POM for org.testng:testng:jar:5.14.4 is invalid, transitive dependencies (if any) will not be available, enable debug logging for more details
2019-07-16 12:19:56,006 [Worker-21] WARN  o.e.m.c.i.embedder.EclipseLogger - The POM for org.testng:testng:jar:5.14.5 is invalid, transitive dependencies (if any) will not be available, enable debug logging for more details
2019-07-16 12:19:56,120 [Worker-21] WARN  o.e.m.c.i.embedder.EclipseLogger - The POM for com.beust:jcommander:jar:1.66 is missing, no dependency information available
2019-07-16 12:19:56,742 [Worker-21] INFO  o.e.m.j.i.AbstractJavaProjectConfigurator - Adding source folder /FinancialLive-Web/src/main/java
2019-07-16 12:19:56,742 [Worker-21] INFO  o.e.m.j.i.AbstractJavaProjectConfigurator - Adding resource folder /FinancialLive-Web/src/main/resources
2019-07-16 12:19:56,742 [Worker-21] INFO  o.e.m.j.i.AbstractJavaProjectConfigurator - Adding source folder /FinancialLive-Web/src/test/java
2019-07-16 12:19:56,872 [Worker-21] INFO  o.e.m.c.i.p.ProjectConfigurationManager - Imported and configured 1 project(s) in 1 sec
2019-07-16 12:20:00,254 [Worker-26] WARN  o.e.m.c.i.embedder.EclipseLogger - The POM for org.testng:testng:jar:5.14.3 is invalid, transitive dependencies (if any) will not be available, enable debug logging for more details
2019-07-16 12:20:00,256 [Worker-26] WARN  o.e.m.c.i.embedder.EclipseLogger - The POM for org.testng:testng:jar:5.14.4 is invalid, transitive dependencies (if any) will not be available, enable debug logging for more details
2019-07-16 12:20:00,259 [Worker-26] WARN  o.e.m.c.i.embedder.EclipseLogger - The POM for org.testng:testng:jar:5.14.5 is invalid, transitive dependencies (if any) will not be available, enable debug logging for more details
2019-07-16 12:20:00,652 [Worker-26] WARN  o.e.m.c.i.embedder.EclipseLogger - The POM for com.beust:jcommander:jar:1.66 is missing, no dependency information available
2019-07-16 12:20:01,107 [Worker-26] INFO  o.e.m.c.i.embedder.EclipseLogger - Using 'UTF-8' encoding to copy filtered resources.
2019-07-16 12:20:01,107 [Worker-26] INFO  o.e.m.c.i.embedder.EclipseLogger - Copying 20 resources
2019-07-16 12:20:01,228 [Worker-26] INFO  o.e.m.c.i.embedder.EclipseLogger - Using 'UTF-8' encoding to copy filtered resources.
2019-07-16 12:20:01,229 [Worker-26] INFO  o.e.m.c.i.embedder.EclipseLogger - skip non existing resourceDirectory C:\GitHub - Copy\FinancialWeb\qa_automation\FinancialWeb\src\test\resources
2019-07-16 12:20:17,637 [Worker-0] INFO  o.e.m.c.i.l.LifecycleMappingFactory - Using org.eclipse.m2e.jdt.JarLifecycleMapping lifecycle mapping for MavenProject: FinancialLivePurchasing:FinancialLivePurchasing:00.01 @ C:\GitHub - Copy\FinancialWeb\qa_automation\Purchasing\FinancialLivePurchasing\pom.xml.
2019-07-16 12:20:17,713 [Worker-0] WARN  o.e.m.c.i.embedder.EclipseLogger - The POM for org.testng:testng:jar:5.14.3 is invalid, transitive dependencies (if any) will not be available, enable debug logging for more details
2019-07-16 12:20:17,715 [Worker-0] WARN  o.e.m.c.i.embedder.EclipseLogger - The POM for org.testng:testng:jar:5.14.4 is invalid, transitive dependencies (if any) will not be available, enable debug logging for more details
2019-07-16 12:20:17,718 [Worker-0] WARN  o.e.m.c.i.embedder.EclipseLogger - The POM for org.testng:testng:jar:5.14.5 is invalid, transitive dependencies (if any) will not be available, enable debug logging for more details
2019-07-16 12:20:17,859 [Worker-0] WARN  o.e.m.c.i.embedder.EclipseLogger - The POM for com.beust:jcommander:jar:1.66 is missing, no dependency information available
2019-07-16 12:20:18,484 [Worker-0] INFO  o.e.m.j.i.AbstractJavaProjectConfigurator - Adding source folder /FinancialLivePurchasing/src/main/java
2019-07-16 12:20:18,484 [Worker-0] INFO  o.e.m.j.i.AbstractJavaProjectConfigurator - Adding resource folder /FinancialLivePurchasing/src/main/resources
2019-07-16 12:20:18,485 [Worker-0] INFO  o.e.m.j.i.AbstractJavaProjectConfigurator - Adding source folder /FinancialLivePurchasing/src/test/java
2019-07-16 12:20:18,622 [Worker-0] INFO  o.e.m.c.i.p.ProjectConfigurationManager - Imported and configured 1 project(s) in 1 sec
2019-07-16 12:20:19,363 [Worker-0] WARN  o.e.m.c.i.embedder.EclipseLogger - The POM for org.testng:testng:jar:5.14.3 is invalid, transitive dependencies (if any) will not be available, enable debug logging for more details
2019-07-16 12:20:19,367 [Worker-0] WARN  o.e.m.c.i.embedder.EclipseLogger - The POM for org.testng:testng:jar:5.14.4 is invalid, transitive dependencies (if any) will not be available, enable debug logging for more details
2019-07-16 12:20:19,370 [Worker-0] WARN  o.e.m.c.i.embedder.EclipseLogger - The POM for org.testng:testng:jar:5.14.5 is invalid, transitive dependencies (if any) will not be available, enable debug logging for more details
2019-07-16 12:20:19,496 [Worker-0] WARN  o.e.m.c.i.embedder.EclipseLogger - The POM for com.beust:jcommander:jar:1.66 is missing, no dependency information available
2019-07-16 12:20:19,912 [Worker-0] INFO  o.e.m.c.i.embedder.EclipseLogger - Using 'UTF-8' encoding to copy filtered resources.
2019-07-16 12:20:19,913 [Worker-0] INFO  o.e.m.c.i.embedder.EclipseLogger - Copying 16 resources
2019-07-16 12:20:20,027 [Worker-0] INFO  o.e.m.c.i.embedder.EclipseLogger - Using 'UTF-8' encoding to copy filtered resources.
2019-07-16 12:20:20,027 [Worker-0] INFO  o.e.m.c.i.embedder.EclipseLogger - skip non existing resourceDirectory C:\GitHub - Copy\FinancialWeb\qa_automation\Purchasing\FinancialLivePurchasing\src\test\resources
2019-07-16 12:20:28,759 [Worker-27] INFO  o.e.m.c.i.embedder.EclipseLogger - Using 'UTF-8' encoding to copy filtered resources.
2019-07-16 12:20:28,761 [Worker-27] INFO  o.e.m.c.i.embedder.EclipseLogger - Copying 0 resource
2019-07-16 12:20:28,762 [Worker-27] INFO  o.e.m.c.i.embedder.EclipseLogger - Using 'UTF-8' encoding to copy filtered resources.
2019-07-16 12:20:28,763 [Worker-27] INFO  o.e.m.c.i.embedder.EclipseLogger - skip non existing resourceDirectory C:\GitHub - Copy\FinancialWeb\qa_automation\FinancialWeb\src\test\resources
2019-07-16 12:20:34,037 [Worker-22] INFO  o.e.m.c.i.embedder.EclipseLogger - Using 'UTF-8' encoding to copy filtered resources.
2019-07-16 12:20:34,037 [Worker-22] INFO  o.e.m.c.i.embedder.EclipseLogger - Copying 0 resource
2019-07-16 12:20:34,038 [Worker-22] INFO  o.e.m.c.i.embedder.EclipseLogger - Using 'UTF-8' encoding to copy filtered resources.
2019-07-16 12:20:34,038 [Worker-22] INFO  o.e.m.c.i.embedder.EclipseLogger - skip non existing resourceDirectory C:\GitHub - Copy\FinancialWeb\qa_automation\Purchasing\FinancialLivePurchasing\src\test\resources
2019-07-16 12:21:03,153 [Worker-25] INFO  o.e.m.c.i.embedder.EclipseLogger - Using 'UTF-8' encoding to copy filtered resources.
2019-07-16 12:21:03,154 [Worker-25] INFO  o.e.m.c.i.embedder.EclipseLogger - Copying 0 resource
2019-07-16 12:21:03,155 [Worker-25] INFO  o.e.m.c.i.embedder.EclipseLogger - Using 'UTF-8' encoding to copy filtered resources.
2019-07-16 12:21:03,155 [Worker-25] INFO  o.e.m.c.i.embedder.EclipseLogger - skip non existing resourceDirectory C:\GitHub - Copy\FinancialWeb\qa_automation\FinancialWeb\src\test\resources
2019-07-16 12:22:23,608 [Worker-25] INFO  o.e.m.c.i.embedder.EclipseLogger - Using 'UTF-8' encoding to copy filtered resources.
2019-07-16 12:22:23,608 [Worker-25] INFO  o.e.m.c.i.embedder.EclipseLogger - Copying 0 resource
2019-07-16 12:22:23,609 [Worker-25] INFO  o.e.m.c.i.embedder.EclipseLogger - Using 'UTF-8' encoding to copy filtered resources.
2019-07-16 12:22:23,609 [Worker-25] INFO  o.e.m.c.i.embedder.EclipseLogger - skip non existing resourceDirectory C:\GitHub - Copy\FinancialWeb\qa_automation\FinancialWeb\src\test\resources
